<?xml version="1.0" encoding="UTF-8"?>
<testsuite name="service.ServiceJsonTest" tests="2" skipped="0" failures="0" errors="0" timestamp="2019-11-08T10:47:32" hostname="DESKTOP-7KSLBU0" time="0.179">
  <properties/>
  <testcase name="read()" classname="service.ServiceJsonTest" time="0.152"/>
  <testcase name="write()" classname="service.ServiceJsonTest" time="0.026"/>
  <system-out><![CDATA[]]></system-out>
  <system-err><![CDATA[]]></system-err>
</testsuite>
